0 info it worked if it ends with ok
1 verbose cli [
1 verbose cli   'C:\\Users\\user\\AppData\\Local\\Volta\\tools\\image\\node\\16.20.2\\node.exe',
1 verbose cli   'C:\\Users\\user\\AppData\\Local\\Volta\\tools\\image\\npm\\3.10.10\\bin\\npm-cli.js',
1 verbose cli   'run',
1 verbose cli   'servr'
1 verbose cli ]
2 info using npm@3.10.10
3 info using node@v16.20.2
4 verbose stack Error: missing script: servr
4 verbose stack     at run (C:\Users\user\AppData\Local\Volta\tools\image\npm\3.10.10\lib\run-script.js:151:19)
4 verbose stack     at C:\Users\user\AppData\Local\Volta\tools\image\npm\3.10.10\lib\run-script.js:61:5
4 verbose stack     at C:\Users\user\AppData\Local\Volta\tools\image\npm\3.10.10\node_modules\read-package-json\read-json.js:356:5
4 verbose stack     at checkBinReferences_ (C:\Users\user\AppData\Local\Volta\tools\image\npm\3.10.10\node_modules\read-package-json\read-json.js:320:45)
4 verbose stack     at final (C:\Users\user\AppData\Local\Volta\tools\image\npm\3.10.10\node_modules\read-package-json\read-json.js:354:3)
4 verbose stack     at then (C:\Users\user\AppData\Local\Volta\tools\image\npm\3.10.10\node_modules\read-package-json\read-json.js:124:5)
4 verbose stack     at C:\Users\user\AppData\Local\Volta\tools\image\npm\3.10.10\node_modules\read-package-json\read-json.js:311:12
4 verbose stack     at C:\Users\user\AppData\Local\Volta\tools\image\npm\3.10.10\node_modules\graceful-fs\graceful-fs.js:78:16
4 verbose stack     at FSReqCallback.readFileAfterClose [as oncomplete] (node:internal/fs/read_file_context:68:3)
6 error Windows_NT 10.0.19042
7 error argv "C:\\Users\\user\\AppData\\Local\\Volta\\tools\\image\\node\\16.20.2\\node.exe" "C:\\Users\\user\\AppData\\Local\\Volta\\tools\\image\\npm\\3.10.10\\bin\\npm-cli.js" "run" "servr"
8 error node v16.20.2
9 error npm  v3.10.10
10 error missing script: servr
11 error If you need help, you may report this error at:
11 error     <https://github.com/npm/npm/issues>
12 verbose exit [ 1, true ]
